<?xml version="1.0" encoding="UTF-8"?>
<!-- Generated by org.testng.reporters.JUnitReportReporter -->
<testsuite hostname="techmagic-System-Product-Name" name="test.TestLoginFunctionality" tests="4" failures="0" timestamp="10 Jul 2015 16:31:20 GMT" time="10.537" errors="0">
  <testcase name="verifyLogIn" time="3.943" classname="test.TestLoginFunctionality"/>
  <testcase name="verifyEmptyEmailAndPassword" time="3.432" classname="test.TestLoginFunctionality"/>
  <testcase name="verifyEmptyPassword" time="0.946" classname="test.TestLoginFunctionality"/>
  <testcase name="verifyInvalidUserLogin" time="2.216" classname="test.TestLoginFunctionality"/>
</testsuite> <!-- test.TestLoginFunctionality -->
