<?xml version="1.0" encoding="UTF-8"?>
<!-- Generated by org.testng.reporters.JUnitReportReporter -->
<testsuite hostname="techmagic-System-Product-Name" name="test.TestLoginFunctionality" tests="4" failures="0" timestamp="10 Jul 2015 16:59:45 GMT" time="14.660" errors="0">
  <testcase name="verifyInvalidUserLogin" time="2.495" classname="test.TestLoginFunctionality"/>
  <testcase name="verifyLogIn" time="5.532" classname="test.TestLoginFunctionality"/>
  <testcase name="verifyEmptyEmailAndPassword" time="5.249" classname="test.TestLoginFunctionality"/>
  <testcase name="verifyEmptyPassword" time="1.384" classname="test.TestLoginFunctionality"/>
</testsuite> <!-- test.TestLoginFunctionality -->
