<?xml version="1.0" encoding="UTF-8"?>
<!-- Generated by org.testng.reporters.JUnitReportReporter -->
<testsuite hostname="techmagic-System-Product-Name" name="trial.Test1" tests="1" failures="0" timestamp="2 May 2015 17:53:11 GMT" time="0.026" errors="0">
  <testcase name="testApp" time="0.026" classname="trial.Test1"/>
</testsuite> <!-- trial.Test1 -->
