<?xml version="1.0" encoding="UTF-8"?>
<!-- Generated by org.testng.reporters.JUnitReportReporter -->
<testsuite hostname="techmagic-System-Product-Name" name="test.TestLoginFunctionality" tests="4" failures="0" timestamp="27 May 2015 12:53:29 GMT" time="11.727" errors="0">
  <testcase name="verifyEmptyEmailAndPassword" time="2.516" classname="test.TestLoginFunctionality"/>
  <testcase name="verifyEmptyPassword" time="1.691" classname="test.TestLoginFunctionality"/>
  <testcase name="verifyLogIn" time="5.048" classname="test.TestLoginFunctionality"/>
  <testcase name="verifyInvalidUserLogin" time="2.472" classname="test.TestLoginFunctionality"/>
</testsuite> <!-- test.TestLoginFunctionality -->
